INFO   36 =>  
INFO   37 => ============== Start of Execution at Sat Jan 20 20:24:44 2024  ============= 
INFO   36 =>  
INFO   37 => ============== Start of Execution at Sat Jan 20 20:25:26 2024  ============= 
INFO   36 =>  
INFO   37 => ============== Start of Execution at Sat Jan 20 20:25:40 2024  ============= 
INFO   36 =>  
INFO   37 => ============== Start of Execution at Sat Jan 20 20:27:25 2024  ============= 
INFO   36 =>  
INFO   37 => ============== Start of Execution at Sat Jan 20 20:29:35 2024  ============= 
INFO   36 =>  
INFO   37 => ============== Start of Execution at Sat Jan 20 20:30:42 2024  ============= 
INFO   36 =>  
INFO   37 => ============== Start of Execution at Sat Jan 20 20:30:52 2024  ============= 
INFO   36 =>  
INFO   37 => ============== Start of Execution at Sat Jan 20 20:31:00 2024  ============= 
INFO   36 =>  
INFO   37 => ============== Start of Execution at Sat Jan 20 20:31:30 2024  ============= 
INFO   36 =>  
INFO   37 => ============== Start of Execution at Sat Jan 20 20:32:18 2024  ============= 
INFO   36 =>  
INFO   37 => ============== Start of Execution at Sat Jan 20 20:32:38 2024  ============= 
INFO   36 =>  
INFO   37 => ============== Start of Execution at Sat Jan 20 20:37:12 2024  ============= 
INFO   36 =>  
INFO   37 => ============== Start of Execution at Sat Jan 20 20:38:23 2024  ============= 
INFO   36 =>  
INFO   37 => ============== Start of Execution at Sat Jan 20 20:40:30 2024  ============= 
INFO   13 => ============== Starting leo service at Sat Jan 20 20:40:31 2024  ============= 
INFO   16 => Got metadata like below; 
INFO   17 => {} 
INFO   36 =>  
INFO   37 => ============== Start of Execution at Sat Jan 20 20:42:54 2024  ============= 
INFO   36 =>  
INFO   36 =>  
INFO   37 => ============== Start of Execution at Sat Jan 20 20:42:54 2024  ============= 
INFO   37 => ============== Start of Execution at Sat Jan 20 20:42:54 2024  ============= 
INFO   13 => ============== Starting leo service at Sat Jan 20 20:42:54 2024  ============= 
INFO   13 => ============== Starting leo service at Sat Jan 20 20:42:54 2024  ============= 
INFO   16 => Got metadata like below; 
INFO   16 => Got metadata like below; 
INFO   17 => {} 
INFO   17 => {} 
INFO   36 =>  
INFO   37 => ============== Start of Execution at Sat Jan 20 20:44:21 2024  ============= 
INFO   36 =>  
INFO   36 =>  
INFO   37 => ============== Start of Execution at Sat Jan 20 20:44:21 2024  ============= 
INFO   37 => ============== Start of Execution at Sat Jan 20 20:44:21 2024  ============= 
INFO   13 => ============== Starting leo service at Sat Jan 20 20:44:22 2024  ============= 
INFO   13 => ============== Starting leo service at Sat Jan 20 20:44:22 2024  ============= 
INFO   16 => Got metadata like below; 
INFO   16 => Got metadata like below; 
INFO   17 => {} 
INFO   17 => {} 
INFO   36 =>  
INFO   37 => ============== Start of Execution at Sat Jan 20 20:44:36 2024  ============= 
INFO   36 =>  
INFO   36 =>  
INFO   37 => ============== Start of Execution at Sat Jan 20 20:44:36 2024  ============= 
INFO   37 => ============== Start of Execution at Sat Jan 20 20:44:36 2024  ============= 
INFO   13 => ============== Starting leo service at Sat Jan 20 20:44:41 2024  ============= 
INFO   13 => ============== Starting leo service at Sat Jan 20 20:44:41 2024  ============= 
INFO   16 => Got metadata like below; 
INFO   16 => Got metadata like below; 
INFO   17 => {} 
INFO   17 => {} 
INFO   36 =>  
INFO   37 => ============== Start of Execution at Sat Jan 20 20:45:03 2024  ============= 
INFO   36 =>  
INFO   36 =>  
INFO   37 => ============== Start of Execution at Sat Jan 20 20:45:03 2024  ============= 
INFO   37 => ============== Start of Execution at Sat Jan 20 20:45:03 2024  ============= 
INFO   13 => ============== Starting leo service at Sat Jan 20 20:45:12 2024  ============= 
INFO   13 => ============== Starting leo service at Sat Jan 20 20:45:12 2024  ============= 
INFO   16 => Got metadata like below; 
INFO   16 => Got metadata like below; 
INFO   17 => {} 
INFO   17 => {} 
INFO   36 =>  
INFO   37 => ============== Start of Execution at Sat Jan 20 20:46:32 2024  ============= 
INFO   36 =>  
INFO   36 =>  
INFO   37 => ============== Start of Execution at Sat Jan 20 20:46:32 2024  ============= 
INFO   37 => ============== Start of Execution at Sat Jan 20 20:46:32 2024  ============= 
INFO   13 => ============== Starting leo service at Sat Jan 20 20:46:40 2024  ============= 
INFO   13 => ============== Starting leo service at Sat Jan 20 20:46:40 2024  ============= 
INFO   16 => Got metadata like below; 
INFO   16 => Got metadata like below; 
INFO   17 => {} 
INFO   17 => {} 
INFO   36 =>  
INFO   37 => ============== Start of Execution at Sat Jan 20 20:47:02 2024  ============= 
INFO   36 =>  
INFO   36 =>  
INFO   37 => ============== Start of Execution at Sat Jan 20 20:47:02 2024  ============= 
INFO   37 => ============== Start of Execution at Sat Jan 20 20:47:02 2024  ============= 
INFO   13 => ============== Starting leo service at Sat Jan 20 20:47:12 2024  ============= 
INFO   13 => ============== Starting leo service at Sat Jan 20 20:47:12 2024  ============= 
INFO   16 => Got metadata like below; 
INFO   16 => Got metadata like below; 
INFO   17 => {} 
INFO   17 => {} 
INFO   36 =>  
INFO   37 => ============== Start of Execution at Sat Jan 20 20:47:52 2024  ============= 
INFO   36 =>  
INFO   36 =>  
INFO   37 => ============== Start of Execution at Sat Jan 20 20:47:52 2024  ============= 
INFO   37 => ============== Start of Execution at Sat Jan 20 20:47:52 2024  ============= 
INFO   13 => ============== Starting leo service at Sat Jan 20 20:47:52 2024  ============= 
INFO   13 => ============== Starting leo service at Sat Jan 20 20:47:52 2024  ============= 
INFO   16 => Got metadata like below; 
INFO   16 => Got metadata like below; 
INFO   17 => {} 
INFO   17 => {} 
INFO   36 =>  
INFO   37 => ============== Start of Execution at Sat Jan 20 20:54:44 2024  ============= 
INFO   36 =>  
INFO   36 =>  
INFO   37 => ============== Start of Execution at Sat Jan 20 20:54:44 2024  ============= 
INFO   37 => ============== Start of Execution at Sat Jan 20 20:54:44 2024  ============= 
INFO   13 => ============== Starting leo service at Sat Jan 20 20:54:44 2024  ============= 
INFO   13 => ============== Starting leo service at Sat Jan 20 20:54:44 2024  ============= 
INFO   16 => Got metadata like below; 
INFO   16 => Got metadata like below; 
INFO   17 => {} 
INFO   17 => {} 
INFO   36 =>  
INFO   37 => ============== Start of Execution at Sat Jan 20 20:55:05 2024  ============= 
INFO   36 =>  
INFO   36 =>  
INFO   37 => ============== Start of Execution at Sat Jan 20 20:55:05 2024  ============= 
INFO   37 => ============== Start of Execution at Sat Jan 20 20:55:05 2024  ============= 
INFO   13 => ============== Starting leo service at Sat Jan 20 20:55:12 2024  ============= 
INFO   13 => ============== Starting leo service at Sat Jan 20 20:55:12 2024  ============= 
INFO   16 => Got metadata like below; 
INFO   16 => Got metadata like below; 
INFO   17 => {} 
INFO   17 => {} 
INFO   36 =>  
INFO   37 => ============== Start of Execution at Sat Jan 20 20:56:44 2024  ============= 
INFO   36 =>  
INFO   36 =>  
INFO   37 => ============== Start of Execution at Sat Jan 20 20:56:44 2024  ============= 
INFO   37 => ============== Start of Execution at Sat Jan 20 20:56:44 2024  ============= 
INFO   13 => ============== Starting leo service at Sat Jan 20 20:56:45 2024  ============= 
INFO   13 => ============== Starting leo service at Sat Jan 20 20:56:45 2024  ============= 
INFO   16 => Got metadata like below; 
INFO   16 => Got metadata like below; 
INFO   17 => {} 
INFO   17 => {} 
INFO   36 =>  
INFO   37 => ============== Start of Execution at Sat Jan 20 20:57:09 2024  ============= 
INFO   36 =>  
INFO   36 =>  
INFO   37 => ============== Start of Execution at Sat Jan 20 20:57:09 2024  ============= 
INFO   37 => ============== Start of Execution at Sat Jan 20 20:57:09 2024  ============= 
INFO   13 => ============== Starting leo service at Sat Jan 20 20:57:12 2024  ============= 
INFO   13 => ============== Starting leo service at Sat Jan 20 20:57:12 2024  ============= 
INFO   16 => Got metadata like below; 
INFO   16 => Got metadata like below; 
INFO   17 => {} 
INFO   17 => {} 
INFO   36 =>  
INFO   37 => ============== Start of Execution at Sat Jan 20 20:57:56 2024  ============= 
INFO   36 =>  
INFO   36 =>  
INFO   37 => ============== Start of Execution at Sat Jan 20 20:57:56 2024  ============= 
INFO   37 => ============== Start of Execution at Sat Jan 20 20:57:56 2024  ============= 
INFO   13 => ============== Starting leo service at Sat Jan 20 20:57:57 2024  ============= 
INFO   13 => ============== Starting leo service at Sat Jan 20 20:57:57 2024  ============= 
INFO   16 => Got metadata like below; 
INFO   16 => Got metadata like below; 
INFO   17 => {} 
INFO   17 => {} 
INFO   36 =>  
INFO   37 => ============== Start of Execution at Sat Jan 20 20:58:27 2024  ============= 
INFO   36 =>  
INFO   36 =>  
INFO   37 => ============== Start of Execution at Sat Jan 20 20:58:27 2024  ============= 
INFO   37 => ============== Start of Execution at Sat Jan 20 20:58:27 2024  ============= 
INFO   13 => ============== Starting leo service at Sat Jan 20 20:58:28 2024  ============= 
INFO   13 => ============== Starting leo service at Sat Jan 20 20:58:28 2024  ============= 
INFO   16 => Got metadata like below; 
INFO   16 => Got metadata like below; 
INFO   17 => {} 
INFO   17 => {} 
INFO   36 =>  
INFO   37 => ============== Start of Execution at Sat Jan 20 20:59:15 2024  ============= 
INFO   36 =>  
INFO   36 =>  
INFO   37 => ============== Start of Execution at Sat Jan 20 20:59:15 2024  ============= 
INFO   37 => ============== Start of Execution at Sat Jan 20 20:59:15 2024  ============= 
INFO   13 => ============== Starting leo service at Sat Jan 20 20:59:15 2024  ============= 
INFO   13 => ============== Starting leo service at Sat Jan 20 20:59:15 2024  ============= 
INFO   16 => Got metadata like below; 
INFO   16 => Got metadata like below; 
INFO   17 => {} 
INFO   17 => {} 
INFO   36 =>  
INFO   37 => ============== Start of Execution at Sun Jan 21 11:23:01 2024  ============= 
INFO   36 =>  
INFO   36 =>  
INFO   37 => ============== Start of Execution at Sun Jan 21 11:23:01 2024  ============= 
INFO   37 => ============== Start of Execution at Sun Jan 21 11:23:01 2024  ============= 
INFO   11 => ============== Starting leo service at Sun Jan 21 11:23:05 2024  ============= 
INFO   11 => ============== Starting leo service at Sun Jan 21 11:23:05 2024  ============= 
INFO   14 => Got metadata like below; 
INFO   14 => Got metadata like below; 
INFO   15 => {} 
INFO   15 => {} 
INFO   11 => ============== Starting leo service at Sun Jan 21 13:27:58 2024  ============= 
INFO   11 => ============== Starting leo service at Sun Jan 21 13:27:58 2024  ============= 
INFO   11 => ============== Starting leo service at Sun Jan 21 13:27:58 2024  ============= 
INFO   11 => ============== Starting leo service at Sun Jan 21 13:27:58 2024  ============= 
INFO   11 => ============== Starting leo service at Sun Jan 21 13:27:58 2024  ============= 
INFO   11 => ============== Starting leo service at Sun Jan 21 13:27:58 2024  ============= 
INFO   14 => Got metadata like below; 
INFO   14 => Got metadata like below; 
INFO   14 => Got metadata like below; 
INFO   14 => Got metadata like below; 
INFO   14 => Got metadata like below; 
INFO   14 => Got metadata like below; 
INFO   15 => {} 
INFO   15 => {} 
INFO   15 => {} 
INFO   15 => {} 
INFO   15 => {} 
INFO   15 => {} 
INFO    7 => -- Update password starts -- 
INFO    7 => -- Update password starts -- 
INFO    7 => -- Update password starts -- 
INFO    7 => -- Update password starts -- 
INFO    7 => -- Update password starts -- 
INFO    7 => -- Update password starts -- 
INFO   11 => ============== Starting leo service at Sun Jan 21 13:29:24 2024  ============= 
INFO   11 => ============== Starting leo service at Sun Jan 21 13:29:24 2024  ============= 
INFO   11 => ============== Starting leo service at Sun Jan 21 13:29:24 2024  ============= 
INFO   11 => ============== Starting leo service at Sun Jan 21 13:29:24 2024  ============= 
INFO   11 => ============== Starting leo service at Sun Jan 21 13:29:24 2024  ============= 
INFO   11 => ============== Starting leo service at Sun Jan 21 13:29:24 2024  ============= 
INFO   14 => Got metadata like below; 
INFO   14 => Got metadata like below; 
INFO   14 => Got metadata like below; 
INFO   14 => Got metadata like below; 
INFO   14 => Got metadata like below; 
INFO   14 => Got metadata like below; 
INFO   15 => {} 
INFO   15 => {} 
INFO   15 => {} 
INFO   15 => {} 
INFO   15 => {} 
INFO   15 => {} 
INFO    8 => -- Update password starts -- 
INFO    8 => -- Update password starts -- 
INFO    8 => -- Update password starts -- 
INFO    8 => -- Update password starts -- 
INFO    8 => -- Update password starts -- 
INFO    8 => -- Update password starts -- 
INFO   11 => Starting password check 
INFO   11 => Starting password check 
INFO   11 => Starting password check 
INFO   11 => Starting password check 
INFO   11 => Starting password check 
INFO   11 => Starting password check 
INFO   16 => isChanged variable is set to True. Executing password change call 
INFO   16 => isChanged variable is set to True. Executing password change call 
INFO   16 => isChanged variable is set to True. Executing password change call 
INFO   16 => isChanged variable is set to True. Executing password change call 
INFO   16 => isChanged variable is set to True. Executing password change call 
INFO   16 => isChanged variable is set to True. Executing password change call 
INFO   11 => ============== Starting leo service at Sun Jan 21 13:29:59 2024  ============= 
INFO   11 => ============== Starting leo service at Sun Jan 21 13:29:59 2024  ============= 
INFO   11 => ============== Starting leo service at Sun Jan 21 13:29:59 2024  ============= 
INFO   11 => ============== Starting leo service at Sun Jan 21 13:29:59 2024  ============= 
INFO   11 => ============== Starting leo service at Sun Jan 21 13:29:59 2024  ============= 
INFO   11 => ============== Starting leo service at Sun Jan 21 13:29:59 2024  ============= 
INFO   14 => Got metadata like below; 
INFO   14 => Got metadata like below; 
INFO   14 => Got metadata like below; 
INFO   14 => Got metadata like below; 
INFO   14 => Got metadata like below; 
INFO   14 => Got metadata like below; 
INFO   15 => {} 
INFO   15 => {} 
INFO   15 => {} 
INFO   15 => {} 
INFO   15 => {} 
INFO   15 => {} 
INFO    8 => -- Update password starts -- 
INFO    8 => -- Update password starts -- 
INFO    8 => -- Update password starts -- 
INFO    8 => -- Update password starts -- 
INFO    8 => -- Update password starts -- 
INFO    8 => -- Update password starts -- 
INFO   11 => Starting password check 
INFO   11 => Starting password check 
INFO   11 => Starting password check 
INFO   11 => Starting password check 
INFO   11 => Starting password check 
INFO   11 => Starting password check 
INFO   27 => -- Update password ends -- 
INFO   27 => -- Update password ends -- 
INFO   27 => -- Update password ends -- 
INFO   27 => -- Update password ends -- 
INFO   27 => -- Update password ends -- 
INFO   27 => -- Update password ends -- 
INFO    8 =>  ------  Hostname Check  ------ 
INFO    8 =>  ------  Hostname Check  ------ 
INFO    8 =>  ------  Hostname Check  ------ 
INFO    8 =>  ------  Hostname Check  ------ 
INFO    8 =>  ------  Hostname Check  ------ 
INFO    8 =>  ------  Hostname Check  ------ 
INFO   12 => Hostname is different in API. Changing hostname in VM. 
INFO   12 => Hostname is different in API. Changing hostname in VM. 
INFO   12 => Hostname is different in API. Changing hostname in VM. 
INFO   12 => Hostname is different in API. Changing hostname in VM. 
INFO   12 => Hostname is different in API. Changing hostname in VM. 
INFO   12 => Hostname is different in API. Changing hostname in VM. 
INFO   16 => Hostname change process finished 
INFO   16 => Hostname change process finished 
INFO   16 => Hostname change process finished 
INFO   16 => Hostname change process finished 
INFO   16 => Hostname change process finished 
INFO   16 => Hostname change process finished 
INFO   11 => ============== Starting leo service at Sun Jan 21 13:40:12 2024  ============= 
INFO   11 => ============== Starting leo service at Sun Jan 21 13:40:12 2024  ============= 
INFO   11 => ============== Starting leo service at Sun Jan 21 13:40:12 2024  ============= 
INFO   11 => ============== Starting leo service at Sun Jan 21 13:40:12 2024  ============= 
INFO   11 => ============== Starting leo service at Sun Jan 21 13:40:12 2024  ============= 
INFO   11 => ============== Starting leo service at Sun Jan 21 13:40:12 2024  ============= 
INFO   14 => Got metadata like below; 
INFO   14 => Got metadata like below; 
INFO   14 => Got metadata like below; 
INFO   14 => Got metadata like below; 
INFO   14 => Got metadata like below; 
INFO   14 => Got metadata like below; 
INFO   15 => {} 
INFO   15 => {} 
INFO   15 => {} 
INFO   15 => {} 
INFO   15 => {} 
INFO   15 => {} 
INFO    8 => -- Update password starts -- 
INFO    8 => -- Update password starts -- 
INFO    8 => -- Update password starts -- 
INFO    8 => -- Update password starts -- 
INFO    8 => -- Update password starts -- 
INFO    8 => -- Update password starts -- 
INFO   11 => Starting password check 
INFO   11 => Starting password check 
INFO   11 => Starting password check 
INFO   11 => Starting password check 
INFO   11 => Starting password check 
INFO   11 => Starting password check 
INFO   27 => -- Update password ends -- 
INFO   27 => -- Update password ends -- 
INFO   27 => -- Update password ends -- 
INFO   27 => -- Update password ends -- 
INFO   27 => -- Update password ends -- 
INFO   27 => -- Update password ends -- 
INFO    8 =>  ------  Hostname Check  ------ 
INFO    8 =>  ------  Hostname Check  ------ 
INFO    8 =>  ------  Hostname Check  ------ 
INFO    8 =>  ------  Hostname Check  ------ 
INFO    8 =>  ------  Hostname Check  ------ 
INFO    8 =>  ------  Hostname Check  ------ 
INFO   12 => Hostname is different in API. Changing hostname in VM. 
INFO   12 => Hostname is different in API. Changing hostname in VM. 
INFO   12 => Hostname is different in API. Changing hostname in VM. 
INFO   12 => Hostname is different in API. Changing hostname in VM. 
INFO   12 => Hostname is different in API. Changing hostname in VM. 
INFO   12 => Hostname is different in API. Changing hostname in VM. 
INFO   16 => Hostname change process finished 
INFO   16 => Hostname change process finished 
INFO   16 => Hostname change process finished 
INFO   16 => Hostname change process finished 
INFO   16 => Hostname change process finished 
INFO   16 => Hostname change process finished 
INFO    8 => ============== Starting leo service at Wed Jan 24 12:33:34 2024  ============= 
INFO    8 => ============== Starting leo service at Wed Jan 24 12:33:34 2024  ============= 
INFO    8 => ============== Starting leo service at Wed Jan 24 12:33:34 2024  ============= 
INFO    8 => ============== Starting leo service at Wed Jan 24 12:33:34 2024  ============= 
INFO    8 => ============== Starting leo service at Wed Jan 24 12:33:34 2024  ============= 
INFO    8 => ============== Starting leo service at Wed Jan 24 12:33:34 2024  ============= 
INFO    8 => ============== Starting leo service at Wed Jan 24 12:33:34 2024  ============= 
INFO    8 => ============== Starting leo service at Wed Jan 24 12:33:34 2024  ============= 
INFO    8 => ============== Starting leo service at Wed Jan 24 12:33:34 2024  ============= 
INFO    8 => ============== Starting leo service at Wed Jan 24 12:33:34 2024  ============= 
INFO    8 => ============== Starting leo service at Wed Jan 24 12:33:51 2024  ============= 
INFO    8 => ============== Starting leo service at Wed Jan 24 12:33:51 2024  ============= 
INFO    8 => ============== Starting leo service at Wed Jan 24 12:33:51 2024  ============= 
INFO    8 => ============== Starting leo service at Wed Jan 24 12:33:51 2024  ============= 
INFO    8 => ============== Starting leo service at Wed Jan 24 12:33:51 2024  ============= 
INFO    8 => ============== Starting leo service at Wed Jan 24 12:33:51 2024  ============= 
INFO    8 => ============== Starting leo service at Wed Jan 24 12:33:51 2024  ============= 
INFO    8 => ============== Starting leo service at Wed Jan 24 12:33:51 2024  ============= 
INFO    8 => ============== Starting leo service at Wed Jan 24 12:33:51 2024  ============= 
INFO    8 => ============== Starting leo service at Wed Jan 24 12:33:51 2024  ============= 
INFO    8 => ============== Starting leo service at Wed Jan 24 12:34:41 2024  ============= 
INFO    8 => ============== Starting leo service at Wed Jan 24 12:34:41 2024  ============= 
INFO    8 => ============== Starting leo service at Wed Jan 24 12:34:41 2024  ============= 
INFO    8 => ============== Starting leo service at Wed Jan 24 12:34:41 2024  ============= 
INFO    8 => ============== Starting leo service at Wed Jan 24 12:34:41 2024  ============= 
INFO    8 => ============== Starting leo service at Wed Jan 24 12:34:41 2024  ============= 
INFO    8 => ============== Starting leo service at Wed Jan 24 12:34:41 2024  ============= 
INFO    8 => ============== Starting leo service at Wed Jan 24 12:34:41 2024  ============= 
INFO    8 => ============== Starting leo service at Wed Jan 24 12:34:41 2024  ============= 
INFO    8 => ============== Starting leo service at Wed Jan 24 12:34:41 2024  ============= 
INFO    8 => ============== Starting leo service at Wed Jan 24 12:53:40 2024  ============= 
INFO    8 => ============== Starting leo service at Wed Jan 24 12:53:40 2024  ============= 
INFO    8 => ============== Starting leo service at Wed Jan 24 12:53:40 2024  ============= 
INFO    8 => ============== Starting leo service at Wed Jan 24 12:53:40 2024  ============= 
INFO    8 => ============== Starting leo service at Wed Jan 24 12:53:40 2024  ============= 
INFO    8 => ============== Starting leo service at Wed Jan 24 12:53:40 2024  ============= 
INFO    8 => ============== Starting leo service at Wed Jan 24 12:53:40 2024  ============= 
INFO    8 => ============== Starting leo service at Wed Jan 24 12:53:40 2024  ============= 
INFO    8 => ============== Starting leo service at Wed Jan 24 12:53:40 2024  ============= 
INFO    8 => ============== Starting leo service at Wed Jan 24 12:53:40 2024  ============= 
INFO    8 => ============== Starting leo service at Wed Jan 24 12:54:34 2024  ============= 
INFO    8 => ============== Starting leo service at Wed Jan 24 12:54:34 2024  ============= 
INFO    8 => ============== Starting leo service at Wed Jan 24 12:54:34 2024  ============= 
INFO    8 => ============== Starting leo service at Wed Jan 24 12:54:34 2024  ============= 
INFO    8 => ============== Starting leo service at Wed Jan 24 12:54:34 2024  ============= 
INFO    8 => ============== Starting leo service at Wed Jan 24 12:54:34 2024  ============= 
INFO    8 => ============== Starting leo service at Wed Jan 24 12:54:34 2024  ============= 
INFO    8 => ============== Starting leo service at Wed Jan 24 12:54:34 2024  ============= 
INFO    8 => ============== Starting leo service at Wed Jan 24 12:54:34 2024  ============= 
INFO    8 => ============== Starting leo service at Wed Jan 24 12:54:34 2024  ============= 
INFO    8 => ============== Starting leo service at Wed Jan 24 12:55:05 2024  ============= 
INFO    8 => ============== Starting leo service at Wed Jan 24 12:55:05 2024  ============= 
INFO    8 => ============== Starting leo service at Wed Jan 24 12:55:05 2024  ============= 
INFO    8 => ============== Starting leo service at Wed Jan 24 12:55:05 2024  ============= 
INFO    8 => ============== Starting leo service at Wed Jan 24 12:55:05 2024  ============= 
INFO    8 => ============== Starting leo service at Wed Jan 24 12:55:05 2024  ============= 
INFO    8 => ============== Starting leo service at Wed Jan 24 12:55:05 2024  ============= 
INFO    8 => ============== Starting leo service at Wed Jan 24 12:55:05 2024  ============= 
INFO    8 => ============== Starting leo service at Wed Jan 24 12:55:05 2024  ============= 
INFO    8 => ============== Starting leo service at Wed Jan 24 12:55:05 2024  ============= 
INFO    8 => ============== Starting leo service at Wed Jan 24 12:56:22 2024  ============= 
INFO    8 => ============== Starting leo service at Wed Jan 24 12:56:22 2024  ============= 
INFO    8 => ============== Starting leo service at Wed Jan 24 12:56:22 2024  ============= 
INFO    8 => ============== Starting leo service at Wed Jan 24 12:56:22 2024  ============= 
INFO    8 => ============== Starting leo service at Wed Jan 24 12:56:22 2024  ============= 
INFO    8 => ============== Starting leo service at Wed Jan 24 12:56:22 2024  ============= 
INFO    8 => ============== Starting leo service at Wed Jan 24 12:56:22 2024  ============= 
INFO    8 => ============== Starting leo service at Wed Jan 24 12:56:22 2024  ============= 
INFO    8 => ============== Starting leo service at Wed Jan 24 12:56:22 2024  ============= 
INFO    8 => ============== Starting leo service at Wed Jan 24 12:56:22 2024  ============= 
INFO    8 => ============== Starting leo service at Wed Jan 24 12:58:10 2024  ============= 
INFO    8 => ============== Starting leo service at Wed Jan 24 12:58:10 2024  ============= 
INFO    8 => ============== Starting leo service at Wed Jan 24 12:58:10 2024  ============= 
INFO    8 => ============== Starting leo service at Wed Jan 24 12:58:10 2024  ============= 
INFO    8 => ============== Starting leo service at Wed Jan 24 12:58:10 2024  ============= 
INFO    8 => ============== Starting leo service at Wed Jan 24 12:58:10 2024  ============= 
INFO    8 => ============== Starting leo service at Wed Jan 24 12:58:10 2024  ============= 
INFO    8 => ============== Starting leo service at Wed Jan 24 12:58:10 2024  ============= 
INFO    8 => ============== Starting leo service at Wed Jan 24 12:58:10 2024  ============= 
INFO    8 => ============== Starting leo service at Wed Jan 24 12:58:10 2024  ============= 
ERROR   33 => Could not get response from https://api4.plusclouds.com/, continuing 
ERROR   33 => Could not get response from https://api4.plusclouds.com/, continuing 
ERROR   33 => Could not get response from https://api4.plusclouds.com/, continuing 
ERROR   33 => Could not get response from https://api4.plusclouds.com/, continuing 
ERROR   33 => Could not get response from https://api4.plusclouds.com/, continuing 
ERROR   33 => Could not get response from https://api4.plusclouds.com/, continuing 
ERROR   33 => Could not get response from https://api4.plusclouds.com/, continuing 
ERROR   33 => Could not get response from https://api4.plusclouds.com/, continuing 
ERROR   33 => Could not get response from https://api4.plusclouds.com/, continuing 
ERROR   33 => Could not get response from https://api4.plusclouds.com/, continuing 
INFO    8 => ============== Starting leo service at Wed Jan 24 13:00:25 2024  ============= 
INFO    8 => ============== Starting leo service at Wed Jan 24 13:00:25 2024  ============= 
INFO    8 => ============== Starting leo service at Wed Jan 24 13:00:25 2024  ============= 
INFO    8 => ============== Starting leo service at Wed Jan 24 13:00:25 2024  ============= 
INFO    8 => ============== Starting leo service at Wed Jan 24 13:00:25 2024  ============= 
INFO    8 => ============== Starting leo service at Wed Jan 24 13:00:25 2024  ============= 
INFO    8 => ============== Starting leo service at Wed Jan 24 13:00:25 2024  ============= 
INFO    8 => ============== Starting leo service at Wed Jan 24 13:00:25 2024  ============= 
INFO    8 => ============== Starting leo service at Wed Jan 24 13:00:25 2024  ============= 
INFO    8 => ============== Starting leo service at Wed Jan 24 13:00:25 2024  ============= 
ERROR   33 => Could not get response from https://api4.plusclouds.com/, continuing 
ERROR   33 => Could not get response from https://api4.plusclouds.com/, continuing 
ERROR   33 => Could not get response from https://api4.plusclouds.com/, continuing 
ERROR   33 => Could not get response from https://api4.plusclouds.com/, continuing 
ERROR   33 => Could not get response from https://api4.plusclouds.com/, continuing 
ERROR   33 => Could not get response from https://api4.plusclouds.com/, continuing 
ERROR   33 => Could not get response from https://api4.plusclouds.com/, continuing 
ERROR   33 => Could not get response from https://api4.plusclouds.com/, continuing 
ERROR   33 => Could not get response from https://api4.plusclouds.com/, continuing 
ERROR   33 => Could not get response from https://api4.plusclouds.com/, continuing 
ERROR   33 => Could not get response from https://10.0.0.1:60000/v2, continuing 
ERROR   33 => Could not get response from https://10.0.0.1:60000/v2, continuing 
ERROR   33 => Could not get response from https://10.0.0.1:60000/v2, continuing 
ERROR   33 => Could not get response from https://10.0.0.1:60000/v2, continuing 
ERROR   33 => Could not get response from https://10.0.0.1:60000/v2, continuing 
ERROR   33 => Could not get response from https://10.0.0.1:60000/v2, continuing 
ERROR   33 => Could not get response from https://10.0.0.1:60000/v2, continuing 
ERROR   33 => Could not get response from https://10.0.0.1:60000/v2, continuing 
ERROR   33 => Could not get response from https://10.0.0.1:60000/v2, continuing 
ERROR   33 => Could not get response from https://10.0.0.1:60000/v2, continuing 
ERROR   37 => I think we cannot retrieve the metadata, result is below 
ERROR   37 => I think we cannot retrieve the metadata, result is below 
ERROR   37 => I think we cannot retrieve the metadata, result is below 
ERROR   37 => I think we cannot retrieve the metadata, result is below 
ERROR   37 => I think we cannot retrieve the metadata, result is below 
ERROR   37 => I think we cannot retrieve the metadata, result is below 
ERROR   37 => I think we cannot retrieve the metadata, result is below 
ERROR   37 => I think we cannot retrieve the metadata, result is below 
ERROR   37 => I think we cannot retrieve the metadata, result is below 
ERROR   37 => I think we cannot retrieve the metadata, result is below 
ERROR   38 => <Response [404]> 
ERROR   38 => <Response [404]> 
ERROR   38 => <Response [404]> 
ERROR   38 => <Response [404]> 
ERROR   38 => <Response [404]> 
ERROR   38 => <Response [404]> 
ERROR   38 => <Response [404]> 
ERROR   38 => <Response [404]> 
ERROR   38 => <Response [404]> 
ERROR   38 => <Response [404]> 
